<?xml version="1.0" encoding="UTF-8"?>
<!-- Generated by org.testng.reporters.JUnitReportReporter -->
<testsuite hostname="ssilwal-Aspire-A315-55G" failures="0" tests="4" name="day2.orangehrm" time="16.358" errors="0" timestamp="2022-05-01T16:57:20 NPT" skipped="0">
  <testcase classname="day2.orangehrm" name="Info" time="2.185"/>
  <system-out/>
  <testcase classname="day2.orangehrm" name="Login" time="5.922"/>
  <system-out/>
  <testcase classname="day2.orangehrm" name="callBrowser" time="8.139"/>
  <system-out/>
  <testcase classname="day2.orangehrm" name="Verify" time="0.112"/>
  <system-out/>
</testsuite> <!-- day2.orangehrm -->
